# JRE version: Java(TM) SE Runtime Environment (8.0_111-b14) (build 1.8.0_111-b14)
# Java VM: Java HotSpot(TM) 64-Bit Server VM (25.111-b14 mixed mode windows-amd64 compressed oops)
Heap:
 PSYoungGen      total 211968K, used 8997K [0x00000000d6e00000, 0x00000000e4f80000, 0x0000000100000000)
  eden space 195072K, 0% used [0x00000000d6e00000,0x00000000d6e00000,0x00000000e2c80000)
  from space 16896K, 53% used [0x00000000e3f00000,0x00000000e47c9760,0x00000000e4f80000)
  to   space 17920K, 0% used [0x00000000e2c80000,0x00000000e2c80000,0x00000000e3e00000)
 ParOldGen       total 109056K, used 24605K [0x0000000084a00000, 0x000000008b480000, 0x00000000d6e00000)
  object space 109056K, 22% used [0x0000000084a00000,0x00000000862076e8,0x000000008b480000)
 Metaspace       used 51043K, capacity 54626K, committed 54784K, reserved 1095680K
  class space    used 7214K, capacity 7816K, committed 7936K, reserved 1048576K
GC Heap History (10 events):
Event: 20.757 GC heap after
Heap after GC invocations=8 (full 1):
 PSYoungGen      total 136192K, used 9117K [0x00000000d6e00000, 0x00000000e3380000, 0x0000000100000000)
  eden space 124928K, 0% used [0x00000000d6e00000,0x00000000d6e00000,0x00000000de800000)
  from space 11264K, 80% used [0x00000000de800000,0x00000000df0e7490,0x00000000df300000)
  to   space 12288K, 0% used [0x00000000e2780000,0x00000000e2780000,0x00000000e3380000)
 ParOldGen       total 62464K, used 10031K [0x0000000084a00000, 0x0000000088700000, 0x00000000d6e00000)
  object space 62464K, 16% used [0x0000000084a00000,0x00000000853cbe48,0x0000000088700000)
 Metaspace       used 25976K, capacity 27990K, committed 28160K, reserved 1073152K
  class space    used 3586K, capacity 3969K, committed 4096K, reserved 1048576K
}
Event: 26.340 GC heap before
{Heap before GC invocations=9 (full 1):
 PSYoungGen      total 136192K, used 98963K [0x00000000d6e00000, 0x00000000e3380000, 0x0000000100000000)
  eden space 124928K, 71% used [0x00000000d6e00000,0x00000000dc5bd838,0x00000000de800000)
  from space 11264K, 80% used [0x00000000de800000,0x00000000df0e7490,0x00000000df300000)
  to   space 12288K, 0% used [0x00000000e2780000,0x00000000e2780000,0x00000000e3380000)
 ParOldGen       total 62464K, used 10031K [0x0000000084a00000, 0x0000000088700000, 0x00000000d6e00000)
  object space 62464K, 16% used [0x0000000084a00000,0x00000000853cbe48,0x0000000088700000)
 Metaspace       used 33060K, capacity 35338K, committed 35416K, reserved 1079296K
  class space    used 4653K, capacity 5085K, committed 5120K, reserved 1048576K
Event: 26.380 GC heap after
Heap after GC invocations=9 (full 1):
 PSYoungGen      total 185344K, used 12261K [0x00000000d6e00000, 0x00000000e3380000, 0x0000000100000000)
  eden space 173056K, 0% used [0x00000000d6e00000,0x00000000d6e00000,0x00000000e1700000)
  from space 12288K, 99% used [0x00000000e2780000,0x00000000e3379710,0x00000000e3380000)
  to   space 14336K, 0% used [0x00000000e1780000,0x00000000e1780000,0x00000000e2580000)
 ParOldGen       total 62464K, used 10580K [0x0000000084a00000, 0x0000000088700000, 0x00000000d6e00000)
  object space 62464K, 16% used [0x0000000084a00000,0x00000000854552d8,0x0000000088700000)
 Metaspace       used 33060K, capacity 35338K, committed 35416K, reserved 1079296K
  class space    used 4653K, capacity 5085K, committed 5120K, reserved 1048576K
}
Event: 26.380 GC heap before
{Heap before GC invocations=10 (full 2):
 PSYoungGen      total 185344K, used 12261K [0x00000000d6e00000, 0x00000000e3380000, 0x0000000100000000)
  eden space 173056K, 0% used [0x00000000d6e00000,0x00000000d6e00000,0x00000000e1700000)
  from space 12288K, 99% used [0x00000000e2780000,0x00000000e3379710,0x00000000e3380000)
  to   space 14336K, 0% used [0x00000000e1780000,0x00000000e1780000,0x00000000e2580000)
 ParOldGen       total 62464K, used 10580K [0x0000000084a00000, 0x0000000088700000, 0x00000000d6e00000)
  object space 62464K, 16% used [0x0000000084a00000,0x00000000854552d8,0x0000000088700000)
 Metaspace       used 33060K, capacity 35338K, committed 35416K, reserved 1079296K
  class space    used 4653K, capacity 5085K, committed 5120K, reserved 1048576K
Event: 27.416 GC heap after
Heap after GC invocations=10 (full 2):
 PSYoungGen      total 185344K, used 0K [0x00000000d6e00000, 0x00000000e3380000, 0x0000000100000000)
  eden space 173056K, 0% used [0x00000000d6e00000,0x00000000d6e00000,0x00000000e1700000)
  from space 12288K, 0% used [0x00000000e2780000,0x00000000e2780000,0x00000000e3380000)
  to   space 14336K, 0% used [0x00000000e1780000,0x00000000e1780000,0x00000000e2580000)
 ParOldGen       total 109056K, used 18662K [0x0000000084a00000, 0x000000008b480000, 0x00000000d6e00000)
  object space 109056K, 17% used [0x0000000084a00000,0x0000000085c39998,0x000000008b480000)
 Metaspace       used 33060K, capacity 35338K, committed 35416K, reserved 1079296K
  class space    used 4653K, capacity 5085K, committed 5120K, reserved 1048576K
}
Event: 43.858 GC heap before
{Heap before GC invocations=11 (full 2):
 PSYoungGen      total 185344K, used 173056K [0x00000000d6e00000, 0x00000000e3380000, 0x0000000100000000)
  eden space 173056K, 100% used [0x00000000d6e00000,0x00000000e1700000,0x00000000e1700000)
  from space 12288K, 0% used [0x00000000e2780000,0x00000000e2780000,0x00000000e3380000)
  to   space 14336K, 0% used [0x00000000e1780000,0x00000000e1780000,0x00000000e2580000)
 ParOldGen       total 109056K, used 18662K [0x0000000084a00000, 0x000000008b480000, 0x00000000d6e00000)
  object space 109056K, 17% used [0x0000000084a00000,0x0000000085c39998,0x000000008b480000)
 Metaspace       used 49567K, capacity 52826K, committed 53120K, reserved 1095680K
  class space    used 6979K, capacity 7543K, committed 7552K, reserved 1048576K
Event: 43.985 GC heap after
Heap after GC invocations=11 (full 2):
 PSYoungGen      total 187904K, used 14334K [0x00000000d6e00000, 0x00000000e5180000, 0x0000000100000000)
  eden space 173568K, 0% used [0x00000000d6e00000,0x00000000d6e00000,0x00000000e1780000)
  from space 14336K, 99% used [0x00000000e1780000,0x00000000e257fad8,0x00000000e2580000)
  to   space 18944K, 0% used [0x00000000e3f00000,0x00000000e3f00000,0x00000000e5180000)
 ParOldGen       total 109056K, used 24597K [0x0000000084a00000, 0x000000008b480000, 0x00000000d6e00000)
  object space 109056K, 22% used [0x0000000084a00000,0x00000000862056e8,0x000000008b480000)
 Metaspace       used 49567K, capacity 52826K, committed 53120K, reserved 1095680K
  class space    used 6979K, capacity 7543K, committed 7552K, reserved 1048576K
}
Event: 64.690 GC heap before
{Heap before GC invocations=12 (full 2):
 PSYoungGen      total 187904K, used 57975K [0x00000000d6e00000, 0x00000000e5180000, 0x0000000100000000)
  eden space 173568K, 25% used [0x00000000d6e00000,0x00000000d989e338,0x00000000e1780000)
  from space 14336K, 99% used [0x00000000e1780000,0x00000000e257fad8,0x00000000e2580000)
  to   space 18944K, 0% used [0x00000000e3f00000,0x00000000e3f00000,0x00000000e5180000)
 ParOldGen       total 109056K, used 24597K [0x0000000084a00000, 0x000000008b480000, 0x00000000d6e00000)
  object space 109056K, 22% used [0x0000000084a00000,0x00000000862056e8,0x000000008b480000)
 Metaspace       used 51043K, capacity 54626K, committed 54784K, reserved 1095680K
  class space    used 7214K, capacity 7816K, committed 7936K, reserved 1048576K
Event: 64.747 GC heap after
Heap after GC invocations=12 (full 2):
 PSYoungGen      total 211968K, used 8997K [0x00000000d6e00000, 0x00000000e4f80000, 0x0000000100000000)
  eden space 195072K, 0% used [0x00000000d6e00000,0x00000000d6e00000,0x00000000e2c80000)
  from space 16896K, 53% used [0x00000000e3f00000,0x00000000e47c9760,0x00000000e4f80000)
  to   space 17920K, 0% used [0x00000000e2c80000,0x00000000e2c80000,0x00000000e3e00000)
 ParOldGen       total 109056K, used 24605K [0x0000000084a00000, 0x000000008b480000, 0x00000000d6e00000)
  object space 109056K, 22% used [0x0000000084a00000,0x00000000862076e8,0x000000008b480000)
 Metaspace       used 51043K, capacity 54626K, committed 54784K, reserved 1095680K
  class space    used 7214K, capacity 7816K, committed 7936K, reserved 1048576K
}
Event: 64.747 GC heap before
{Heap before GC invocations=13 (full 3):
 PSYoungGen      total 211968K, used 8997K [0x00000000d6e00000, 0x00000000e4f80000, 0x0000000100000000)
  eden space 195072K, 0% used [0x00000000d6e00000,0x00000000d6e00000,0x00000000e2c80000)
  from space 16896K, 53% used [0x00000000e3f00000,0x00000000e47c9760,0x00000000e4f80000)
  to   space 17920K, 0% used [0x00000000e2c80000,0x00000000e2c80000,0x00000000e3e00000)
 ParOldGen       total 109056K, used 24605K [0x0000000084a00000, 0x000000008b480000, 0x00000000d6e00000)
  object space 109056K, 22% used [0x0000000084a00000,0x00000000862076e8,0x000000008b480000)
 Metaspace       used 51043K, capacity 54626K, committed 54784K, reserved 1095680K
  class space    used 7214K, capacity 7816K, committed 7936K, reserved 1048576K

